  GdbMiNative.cpp
D:\Work\AI\FPC-RTX\GdbWrapper\GdbMiNative.cpp(1,1): warning C4819: 현재 코드 페이지(949)에서 표시할 수 없는 문자가 파일에 들어 있습니다. 데이터가 손실되지 않게 하려면 해당 파일을 유니코드 형식으로 저장하십시오.
D:\Work\AI\FPC-RTX\GdbWrapper\GdbMiNative.h(1,1): warning C4819: 현재 코드 페이지(949)에서 표시할 수 없는 문자가 파일에 들어 있습니다. 데이터가 손실되지 않게 하려면 해당 파일을 유니코드 형식으로 저장하십시오.
  (소스 파일 'GdbMiNative.cpp'을(를) 컴파일하는 중)
  
D:\Work\AI\FPC-RTX\GdbWrapper\GdbMiNative.h(27,54): error C2187: 구문 오류: 예기치 않은 ')이(가) 있습니다.
  (소스 파일 'GdbMiNative.cpp'을(를) 컴파일하는 중)
  
D:\Work\AI\FPC-RTX\GdbWrapper\GdbMiNative.h(27,54): error C2059: 구문 오류: ')'
  (소스 파일 'GdbMiNative.cpp'을(를) 컴파일하는 중)
  
D:\Work\AI\FPC-RTX\GdbWrapper\GdbMiNative.h(27,56): error C2143: 구문 오류: ';'이(가) 'const' 앞에 없습니다.
  (소스 파일 'GdbMiNative.cpp'을(를) 컴파일하는 중)
  
D:\Work\AI\FPC-RTX\GdbWrapper\GdbMiNative.h(27,56): error C2059: 구문 오류: 'const'
  (소스 파일 'GdbMiNative.cpp'을(를) 컴파일하는 중)
  
D:\Work\AI\FPC-RTX\GdbWrapper\GdbMiNative.h(34,1): error C2059: 구문 오류: '<L_GRAMMAR_end_class>'
  (소스 파일 'GdbMiNative.cpp'을(를) 컴파일하는 중)
  
D:\Work\AI\FPC-RTX\GdbWrapper\GdbMiNative.cpp(126,51): error C2043: break가 잘못되었습니다.
D:\Work\AI\FPC-RTX\GdbWrapper\GdbMiNative.cpp(137,13): error C2653: 'Value': 클래스 또는 네임스페이스 이름이 아닙니다.
D:\Work\AI\FPC-RTX\GdbWrapper\GdbMiNative.cpp(137,20): error C2270: 'getString': 비멤버 함수에 한정자를 사용할 수 없습니다.
D:\Work\AI\FPC-RTX\GdbWrapper\GdbMiNative.cpp(139,5): error C4430: 형식 지정자가 없습니다. int로 가정합니다. 참고: C++에서는 기본 int를 지원하지 않습니다.
D:\Work\AI\FPC-RTX\GdbWrapper\GdbMiNative.cpp(139,16): error C2143: 구문 오류: ';'이(가) '*' 앞에 없습니다.
D:\Work\AI\FPC-RTX\GdbWrapper\GdbMiNative.cpp(139,18): error C2065: 'v': 선언되지 않은 식별자입니다.
D:\Work\AI\FPC-RTX\GdbWrapper\GdbMiNative.cpp(139,22): error C2672: 'get': 일치하는 오버로드된 함수가 없습니다.
      C:\Program Files\Microsoft Visual Studio\2022\Professional\VC\Tools\MSVC\14.44.35207\include\tuple(969,34):
      'const _Ty &&std::get(const std::tuple<_Types...> &&) noexcept'일 수 있습니다.
          D:\Work\AI\FPC-RTX\GdbWrapper\GdbMiNative.cpp(139,22):
          'const _Ty &&std::get(const std::tuple<_Types...> &&) noexcept': 'const std::string'에서 'const std::tuple<_Types...> &&'에 대한 템플릿 인수를 추론할 수 없습니다.
      C:\Program Files\Microsoft Visual Studio\2022\Professional\VC\Tools\MSVC\14.44.35207\include\tuple(957,28):
      또는       '_Ty &&std::get(std::tuple<_Types...> &&) noexcept'
          D:\Work\AI\FPC-RTX\GdbWrapper\GdbMiNative.cpp(139,22):
          '_Ty &&std::get(std::tuple<_Types...> &&) noexcept': 'const std::string'에서 'std::tuple<_Types...> &&'에 대한 템플릿 인수를 추론할 수 없습니다.
      C:\Program Files\Microsoft Visual Studio\2022\Professional\VC\Tools\MSVC\14.44.35207\include\tuple(945,33):
      또는       'const _Ty &std::get(const std::tuple<_Types...> &) noexcept'
          D:\Work\AI\FPC-RTX\GdbWrapper\GdbMiNative.cpp(139,22):
          'const _Ty &std::get(const std::tuple<_Types...> &) noexcept': 'const std::string'에서 'const std::tuple<_Types...> &'에 대한 템플릿 인수를 추론할 수 없습니다.
      C:\Program Files\Microsoft Visual Studio\2022\Professional\VC\Tools\MSVC\14.44.35207\include\tuple(933,27):
      또는       '_Ty &std::get(std::tuple<_Types...> &) noexcept'
          D:\Work\AI\FPC-RTX\GdbWrapper\GdbMiNative.cpp(139,22):
          '_Ty &std::get(std::tuple<_Types...> &) noexcept': 'const std::string'에서 'std::tuple<_Types...> &'에 대한 템플릿 인수를 추론할 수 없습니다.
      C:\Program Files\Microsoft Visual Studio\2022\Professional\VC\Tools\MSVC\14.44.35207\include\utility(764,35):
      또는       'const _Ty2 &&std::get(const std::pair<_Ty1,_Ty2> &&) noexcept'
          D:\Work\AI\FPC-RTX\GdbWrapper\GdbMiNative.cpp(139,22):
          'const _Ty2 &&std::get(const std::pair<_Ty1,_Ty2> &&) noexcept': 'const std::string'에서 'const std::pair<_Ty1,_Ty2> &&'에 대한 템플릿 인수를 추론할 수 없습니다.
      C:\Program Files\Microsoft Visual Studio\2022\Professional\VC\Tools\MSVC\14.44.35207\include\utility(758,35):
      또는       'const _Ty1 &&std::get(const std::pair<_Ty1,_Ty2> &&) noexcept'
          D:\Work\AI\FPC-RTX\GdbWrapper\GdbMiNative.cpp(139,22):
          'const _Ty1 &&std::get(const std::pair<_Ty1,_Ty2> &&) noexcept': 'const std::string'에서 'const std::pair<_Ty1,_Ty2> &&'에 대한 템플릿 인수를 추론할 수 없습니다.
      C:\Program Files\Microsoft Visual Studio\2022\Professional\VC\Tools\MSVC\14.44.35207\include\utility(748,70):
      또는       'const tuple_element<_Idx,std::pair<_Ty1,_Ty2>>::type &&std::get(const std::pair<_Ty1,_Ty2> &&) noexcept'
          D:\Work\AI\FPC-RTX\GdbWrapper\GdbMiNative.cpp(139,22):
          'const tuple_element<_Idx,std::pair<_Ty1,_Ty2>>::type &&std::get(const std::pair<_Ty1,_Ty2> &&) noexcept': 'const std::string'에서 'const std::pair<_Ty1,_Ty2> &&'에 대한 템플릿 인수를 추론할 수 없습니다.
      C:\Program Files\Microsoft Visual Studio\2022\Professional\VC\Tools\MSVC\14.44.35207\include\utility(742,29):
      또는       '_Ty2 &&std::get(std::pair<_Ty1,_Ty2> &&) noexcept'
          D:\Work\AI\FPC-RTX\GdbWrapper\GdbMiNative.cpp(139,22):
          '_Ty2 &&std::get(std::pair<_Ty1,_Ty2> &&) noexcept': 'const std::string'에서 'std::pair<_Ty1,_Ty2> &&'에 대한 템플릿 인수를 추론할 수 없습니다.
      C:\Program Files\Microsoft Visual Studio\2022\Professional\VC\Tools\MSVC\14.44.35207\include\utility(736,29):
      또는       '_Ty1 &&std::get(std::pair<_Ty1,_Ty2> &&) noexcept'
          D:\Work\AI\FPC-RTX\GdbWrapper\GdbMiNative.cpp(139,22):
          '_Ty1 &&std::get(std::pair<_Ty1,_Ty2> &&) noexcept': 'const std::string'에서 'std::pair<_Ty1,_Ty2> &&'에 대한 템플릿 인수를 추론할 수 없습니다.
      C:\Program Files\Microsoft Visual Studio\2022\Professional\VC\Tools\MSVC\14.44.35207\include\utility(726,64):
      또는       'tuple_element<_Idx,std::pair<_Ty1,_Ty2>>::type &&std::get(std::pair<_Ty1,_Ty2> &&) noexcept'
          D:\Work\AI\FPC-RTX\GdbWrapper\GdbMiNative.cpp(139,22):
          'tuple_element<_Idx,std::pair<_Ty1,_Ty2>>::type &&std::get(std::pair<_Ty1,_Ty2> &&) noexcept': 'const std::string'에서 'std::pair<_Ty1,_Ty2> &&'에 대한 템플릿 인수를 추론할 수 없습니다.
      C:\Program Files\Microsoft Visual Studio\2022\Professional\VC\Tools\MSVC\14.44.35207\include\utility(720,34):
      또는       'const _Ty2 &std::get(const std::pair<_Ty1,_Ty2> &) noexcept'
          D:\Work\AI\FPC-RTX\GdbWrapper\GdbMiNative.cpp(139,22):
          'const _Ty2 &std::get(const std::pair<_Ty1,_Ty2> &) noexcept': 'const std::string'에서 'const std::pair<_Ty1,_Ty2> &'에 대한 템플릿 인수를 추론할 수 없습니다.
      C:\Program Files\Microsoft Visual Studio\2022\Professional\VC\Tools\MSVC\14.44.35207\include\utility(714,34):
      또는       'const _Ty1 &std::get(const std::pair<_Ty1,_Ty2> &) noexcept'
          D:\Work\AI\FPC-RTX\GdbWrapper\GdbMiNative.cpp(139,22):
          'const _Ty1 &std::get(const std::pair<_Ty1,_Ty2> &) noexcept': 'const std::string'에서 'const std::pair<_Ty1,_Ty2> &'에 대한 템플릿 인수를 추론할 수 없습니다.
      C:\Program Files\Microsoft Visual Studio\2022\Professional\VC\Tools\MSVC\14.44.35207\include\utility(704,69):
      또는       'const tuple_element<_Idx,std::pair<_Ty1,_Ty2>>::type &std::get(const std::pair<_Ty1,_Ty2> &) noexcept'
          D:\Work\AI\FPC-RTX\GdbWrapper\GdbMiNative.cpp(139,22):
          'const tuple_element<_Idx,std::pair<_Ty1,_Ty2>>::type &std::get(const std::pair<_Ty1,_Ty2> &) noexcept': 'const std::string'에서 'const std::pair<_Ty1,_Ty2> &'에 대한 템플릿 인수를 추론할 수 없습니다.
      C:\Program Files\Microsoft Visual Studio\2022\Professional\VC\Tools\MSVC\14.44.35207\include\utility(698,28):
      또는       '_Ty2 &std::get(std::pair<_Ty1,_Ty2> &) noexcept'
          D:\Work\AI\FPC-RTX\GdbWrapper\GdbMiNative.cpp(139,22):
          '_Ty2 &std::get(std::pair<_Ty1,_Ty2> &) noexcept': 'const std::string'에서 'std::pair<_Ty1,_Ty2> &'에 대한 템플릿 인수를 추론할 수 없습니다.
      C:\Program Files\Microsoft Visual Studio\2022\Professional\VC\Tools\MSVC\14.44.35207\include\utility(692,28):
      또는       '_Ty1 &std::get(std::pair<_Ty1,_Ty2> &) noexcept'
          D:\Work\AI\FPC-RTX\GdbWrapper\GdbMiNative.cpp(139,22):
          '_Ty1 &std::get(std::pair<_Ty1,_Ty2> &) noexcept': 'const std::string'에서 'std::pair<_Ty1,_Ty2> &'에 대한 템플릿 인수를 추론할 수 없습니다.
      C:\Program Files\Microsoft Visual Studio\2022\Professional\VC\Tools\MSVC\14.44.35207\include\utility(682,63):
      또는       'tuple_element<_Idx,std::pair<_Ty1,_Ty2>>::type &std::get(std::pair<_Ty1,_Ty2> &) noexcept'
          D:\Work\AI\FPC-RTX\GdbWrapper\GdbMiNative.cpp(139,22):
          'tuple_element<_Idx,std::pair<_Ty1,_Ty2>>::type &std::get(std::pair<_Ty1,_Ty2> &) noexcept': 'const std::string'에서 'std::pair<_Ty1,_Ty2> &'에 대한 템플릿 인수를 추론할 수 없습니다.
      C:\Program Files\Microsoft Visual Studio\2022\Professional\VC\Tools\MSVC\14.44.35207\include\utility(206,34):
      또는       'const _Ty &&std::get(const std::array<_Ty,_Size> &&) noexcept'
          D:\Work\AI\FPC-RTX\GdbWrapper\GdbMiNative.cpp(139,22):
          'const _Ty &&std::get(const std::array<_Ty,_Size> &&) noexcept': 'const std::string'에서 'const std::array<_Ty,_Size> &&'에 대한 템플릿 인수를 추론할 수 없습니다.
      C:\Program Files\Microsoft Visual Studio\2022\Professional\VC\Tools\MSVC\14.44.35207\include\utility(203,28):
      또는       '_Ty &&std::get(std::array<_Ty,_Size> &&) noexcept'
          D:\Work\AI\FPC-RTX\GdbWrapper\GdbMiNative.cpp(139,22):
          '_Ty &&std::get(std::array<_Ty,_Size> &&) noexcept': 'const std::string'에서 'std::array<_Ty,_Size> &&'에 대한 템플릿 인수를 추론할 수 없습니다.
      C:\Program Files\Microsoft Visual Studio\2022\Professional\VC\Tools\MSVC\14.44.35207\include\utility(200,33):
      또는       'const _Ty &std::get(const std::array<_Ty,_Size> &) noexcept'
          D:\Work\AI\FPC-RTX\GdbWrapper\GdbMiNative.cpp(139,22):
          'const _Ty &std::get(const std::array<_Ty,_Size> &) noexcept': 'const std::string'에서 'const std::array<_Ty,_Size> &'에 대한 템플릿 인수를 추론할 수 없습니다.
      C:\Program Files\Microsoft Visual Studio\2022\Professional\VC\Tools\MSVC\14.44.35207\include\utility(197,27):
      또는       '_Ty &std::get(std::array<_Ty,_Size> &) noexcept'
          D:\Work\AI\FPC-RTX\GdbWrapper\GdbMiNative.cpp(139,22):
          '_Ty &std::get(std::array<_Ty,_Size> &) noexcept': 'const std::string'에서 'std::array<_Ty,_Size> &'에 대한 템플릿 인수를 추론할 수 없습니다.
      C:\Program Files\Microsoft Visual Studio\2022\Professional\VC\Tools\MSVC\14.44.35207\include\utility(194,72):
      또는       'const tuple_element<_Index,std::tuple<_Types...>>::type &&std::get(const std::tuple<_Types...> &&) noexcept'
          D:\Work\AI\FPC-RTX\GdbWrapper\GdbMiNative.cpp(139,22):
          'const tuple_element<_Index,std::tuple<_Types...>>::type &&std::get(const std::tuple<_Types...> &&) noexcept': 'const std::string'에서 'const std::tuple<_Types...> &&'에 대한 템플릿 인수를 추론할 수 없습니다.
      C:\Program Files\Microsoft Visual Studio\2022\Professional\VC\Tools\MSVC\14.44.35207\include\utility(191,66):
      또는       'tuple_element<_Index,std::tuple<_Types...>>::type &&std::get(std::tuple<_Types...> &&) noexcept'
          D:\Work\AI\FPC-RTX\GdbWrapper\GdbMiNative.cpp(139,22):
          'tuple_element<_Index,std::tuple<_Types...>>::type &&std::get(std::tuple<_Types...> &&) noexcept': 'const std::string'에서 'std::tuple<_Types...> &&'에 대한 템플릿 인수를 추론할 수 없습니다.
      C:\Program Files\Microsoft Visual Studio\2022\Professional\VC\Tools\MSVC\14.44.35207\include\utility(188,71):
      또는       'const tuple_element<_Index,std::tuple<_Types...>>::type &std::get(const std::tuple<_Types...> &) noexcept'
          D:\Work\AI\FPC-RTX\GdbWrapper\GdbMiNative.cpp(139,22):
          'const tuple_element<_Index,std::tuple<_Types...>>::type &std::get(const std::tuple<_Types...> &) noexcept': 'const std::string'에서 'const std::tuple<_Types...> &'에 대한 템플릿 인수를 추론할 수 없습니다.
      C:\Program Files\Microsoft Visual Studio\2022\Professional\VC\Tools\MSVC\14.44.35207\include\utility(185,65):
      또는       'tuple_element<_Index,std::tuple<_Types...>>::type &std::get(std::tuple<_Types...> &) noexcept'
          D:\Work\AI\FPC-RTX\GdbWrapper\GdbMiNative.cpp(139,22):
          'tuple_element<_Index,std::tuple<_Types...>>::type &std::get(std::tuple<_Types...> &) noexcept': 'const std::string'에서 'std::tuple<_Types...> &'에 대한 템플릿 인수를 추론할 수 없습니다.
  
D:\Work\AI\FPC-RTX\GdbWrapper\GdbMiNative.cpp(140,9): error C2065: 'v': 선언되지 않은 식별자입니다.
D:\Work\AI\FPC-RTX\GdbWrapper\GdbMiNative.cpp(140,14): error C2065: 'v': 선언되지 않은 식별자입니다.
D:\Work\AI\FPC-RTX\GdbWrapper\GdbMiNative.cpp(140,25): error C2653: 'Type': 클래스 또는 네임스페이스 이름이 아닙니다.
D:\Work\AI\FPC-RTX\GdbWrapper\GdbMiNative.cpp(140,31): error C2065: 'String': 선언되지 않은 식별자입니다.
D:\Work\AI\FPC-RTX\GdbWrapper\GdbMiNative.cpp(140,46): error C2065: 'v': 선언되지 않은 식별자입니다.
D:\Work\AI\FPC-RTX\GdbWrapper\GdbMiNative.cpp(144,1): error C4430: 형식 지정자가 없습니다. int로 가정합니다. 참고: C++에서는 기본 int를 지원하지 않습니다.
D:\Work\AI\FPC-RTX\GdbWrapper\GdbMiNative.cpp(144,12): error C2143: 구문 오류: ';'이(가) '*' 앞에 없습니다.
D:\Work\AI\FPC-RTX\GdbWrapper\GdbMiNative.cpp(144,14): error C2825: 'Value': '::'가 뒤에 나오면 클래스 또는 네임스페이스여야 합니다.
D:\Work\AI\FPC-RTX\GdbWrapper\GdbMiNative.cpp(144,21): error C2510: 'Value': '::' 왼쪽은 클래스/구조체/공용 구조체이어야 합니다.
D:\Work\AI\FPC-RTX\GdbWrapper\GdbMiNative.cpp(144,21): error C2270: 'get': 비멤버 함수에 한정자를 사용할 수 없습니다.
D:\Work\AI\FPC-RTX\GdbWrapper\GdbMiNative.cpp(144,21): error C4430: 형식 지정자가 없습니다. int로 가정합니다. 참고: C++에서는 기본 int를 지원하지 않습니다.
D:\Work\AI\FPC-RTX\GdbWrapper\GdbMiNative.cpp(144,55): error C2059: 구문 오류: '{'
D:\Work\AI\FPC-RTX\GdbWrapper\GdbMiNative.cpp(144,55): error C2143: 구문 오류: ';'이(가) '{' 앞에 없습니다.
D:\Work\AI\FPC-RTX\GdbWrapper\GdbMiNative.cpp(144,55): error C2447: '{': 함수 헤더가 없습니다. 이전 스타일의 형식 목록입니까?
D:\Work\AI\FPC-RTX\GdbWrapper\GdbMiNative.cpp(152,1): error C4430: 형식 지정자가 없습니다. int로 가정합니다. 참고: C++에서는 기본 int를 지원하지 않습니다.
D:\Work\AI\FPC-RTX\GdbWrapper\GdbMiNative.cpp(152,8): error C2146: 구문 오류: ';'이(가) 'parseLine' 식별자 앞에 없습니다.
D:\Work\AI\FPC-RTX\GdbWrapper\GdbMiNative.cpp(152,43): error C2143: 구문 오류: ';'이(가) '{' 앞에 없습니다.
D:\Work\AI\FPC-RTX\GdbWrapper\GdbMiNative.cpp(152,43): error C2447: '{': 함수 헤더가 없습니다. 이전 스타일의 형식 목록입니까?
D:\Work\AI\FPC-RTX\GdbWrapper\GdbMiNative.cpp(230,1): error C2059: 구문 오류: '}'
D:\Work\AI\FPC-RTX\GdbWrapper\GdbMiNative.cpp(230,1): error C2143: 구문 오류: ';'이(가) '}' 앞에 없습니다.
  GdbSessionNative.cpp
D:\Work\AI\FPC-RTX\GdbWrapper\GdbSessionNative.cpp(1,1): warning C4819: 현재 코드 페이지(949)에서 표시할 수 없는 문자가 파일에 들어 있습니다. 데이터가 손실되지 않게 하려면 해당 파일을 유니코드 형식으로 저장하십시오.
D:\Work\AI\FPC-RTX\GdbWrapper\GdbSessionNative.h(1,1): warning C4819: 현재 코드 페이지(949)에서 표시할 수 없는 문자가 파일에 들어 있습니다. 데이터가 손실되지 않게 하려면 해당 파일을 유니코드 형식으로 저장하십시오.
  (소스 파일 'GdbSessionNative.cpp'을(를) 컴파일하는 중)
  
D:\Work\AI\FPC-RTX\GdbWrapper\GdbMiNative.h(1,1): warning C4819: 현재 코드 페이지(949)에서 표시할 수 없는 문자가 파일에 들어 있습니다. 데이터가 손실되지 않게 하려면 해당 파일을 유니코드 형식으로 저장하십시오.
  (소스 파일 'GdbSessionNative.cpp'을(를) 컴파일하는 중)
  
D:\Work\AI\FPC-RTX\GdbWrapper\GdbMiNative.h(27,54): error C2187: 구문 오류: 예기치 않은 ')이(가) 있습니다.
  (소스 파일 'GdbSessionNative.cpp'을(를) 컴파일하는 중)
  
D:\Work\AI\FPC-RTX\GdbWrapper\GdbMiNative.h(27,54): error C2059: 구문 오류: ')'
  (소스 파일 'GdbSessionNative.cpp'을(를) 컴파일하는 중)
  
D:\Work\AI\FPC-RTX\GdbWrapper\GdbMiNative.h(27,56): error C2143: 구문 오류: ';'이(가) 'const' 앞에 없습니다.
  (소스 파일 'GdbSessionNative.cpp'을(를) 컴파일하는 중)
  
D:\Work\AI\FPC-RTX\GdbWrapper\GdbMiNative.h(27,56): error C2059: 구문 오류: 'const'
  (소스 파일 'GdbSessionNative.cpp'을(를) 컴파일하는 중)
  
D:\Work\AI\FPC-RTX\GdbWrapper\GdbMiNative.h(34,1): error C2059: 구문 오류: '<L_GRAMMAR_end_class>'
  (소스 파일 'GdbSessionNative.cpp'을(를) 컴파일하는 중)
  
D:\Work\AI\FPC-RTX\GdbWrapper\GdbSessionNative.cpp(184,23): error C2039: 'results': 'GdbMi::AsyncRecord'의 멤버가 아닙니다.
      D:\Work\AI\FPC-RTX\GdbWrapper\GdbMiNative.h(47,8):
      'GdbMi::AsyncRecord' 선언을 참조하십시오.
  
D:\Work\AI\FPC-RTX\GdbWrapper\GdbSessionNative.cpp(186,37): error C2039: 'results': 'GdbMi::AsyncRecord'의 멤버가 아닙니다.
      D:\Work\AI\FPC-RTX\GdbWrapper\GdbMiNative.h(47,8):
      'GdbMi::AsyncRecord' 선언을 참조하십시오.
  
D:\Work\AI\FPC-RTX\GdbWrapper\GdbSessionNative.cpp(188,14): error C2039: 'fileName': 'GdbNative::StopInfo'의 멤버가 아닙니다.
      D:\Work\AI\FPC-RTX\GdbWrapper\GdbSessionNative.h(16,8):
      'GdbNative::StopInfo' 선언을 참조하십시오.
  
D:\Work\AI\FPC-RTX\GdbWrapper\GdbSessionNative.cpp(188,32): error C2039: 'getString': 'GdbMi::Value'의 멤버가 아닙니다.
      D:\Work\AI\FPC-RTX\GdbWrapper\GdbMiNative.h(18,8):
      'GdbMi::Value' 선언을 참조하십시오.
  
D:\Work\AI\FPC-RTX\GdbWrapper\GdbSessionNative.cpp(189,18): error C2039: 'fileName': 'GdbNative::StopInfo'의 멤버가 아닙니다.
      D:\Work\AI\FPC-RTX\GdbWrapper\GdbSessionNative.h(16,8):
      'GdbNative::StopInfo' 선언을 참조하십시오.
  
D:\Work\AI\FPC-RTX\GdbWrapper\GdbSessionNative.cpp(190,18): error C2039: 'fileName': 'GdbNative::StopInfo'의 멤버가 아닙니다.
      D:\Work\AI\FPC-RTX\GdbWrapper\GdbSessionNative.h(16,8):
      'GdbNative::StopInfo' 선언을 참조하십시오.
  
D:\Work\AI\FPC-RTX\GdbWrapper\GdbSessionNative.cpp(190,36): error C2039: 'getString': 'GdbMi::Value'의 멤버가 아닙니다.
      D:\Work\AI\FPC-RTX\GdbWrapper\GdbMiNative.h(18,8):
      'GdbMi::Value' 선언을 참조하십시오.
  
D:\Work\AI\FPC-RTX\GdbWrapper\GdbSessionNative.cpp(191,44): error C2039: 'getString': 'GdbMi::Value'의 멤버가 아닙니다.
      D:\Work\AI\FPC-RTX\GdbWrapper\GdbMiNative.h(18,8):
      'GdbMi::Value' 선언을 참조하십시오.
  
D:\Work\AI\FPC-RTX\GdbWrapper\GdbSessionNative.cpp(192,32): error C2039: 'getString': 'GdbMi::Value'의 멤버가 아닙니다.
      D:\Work\AI\FPC-RTX\GdbWrapper\GdbMiNative.h(18,8):
      'GdbMi::Value' 선언을 참조하십시오.
  
D:\Work\AI\FPC-RTX\GdbWrapper\GdbSessionNative.cpp(193,32): error C2039: 'getString': 'GdbMi::Value'의 멤버가 아닙니다.
      D:\Work\AI\FPC-RTX\GdbWrapper\GdbMiNative.h(18,8):
      'GdbMi::Value' 선언을 참조하십시오.
  
D:\Work\AI\FPC-RTX\GdbWrapper\GdbSessionNative.cpp(196,41): error C2039: 'results': 'GdbMi::AsyncRecord'의 멤버가 아닙니다.
      D:\Work\AI\FPC-RTX\GdbWrapper\GdbMiNative.h(47,8):
      'GdbMi::AsyncRecord' 선언을 참조하십시오.
  
D:\Work\AI\FPC-RTX\GdbWrapper\GdbSessionNative.cpp(197,41): error C2039: 'results': 'GdbMi::AsyncRecord'의 멤버가 아닙니다.
      D:\Work\AI\FPC-RTX\GdbWrapper\GdbMiNative.h(47,8):
      'GdbMi::AsyncRecord' 선언을 참조하십시오.
  
  코드를 생성하고 있습니다...
